{"/home/guilherme/Documentos/processo-seletivo/start-db/src/animal.js": {"path":"/home/guilherme/Documentos/processo-seletivo/start-db/src/animal.js","all":false,"statementMap":{"0":{"start":{"line":1,"column":0},"end":{"line":1,"column":14}},"1":{"start":{"line":2,"column":0},"end":{"line":2,"column":50}},"2":{"start":{"line":3,"column":0},"end":{"line":3,"column":31}},"3":{"start":{"line":4,"column":0},"end":{"line":4,"column":31}},"4":{"start":{"line":5,"column":0},"end":{"line":5,"column":27}},"5":{"start":{"line":6,"column":0},"end":{"line":6,"column":27}},"6":{"start":{"line":7,"column":0},"end":{"line":7,"column":9}},"7":{"start":{"line":8,"column":0},"end":{"line":8,"column":1}},"8":{"start":{"line":9,"column":0},"end":{"line":9,"column":0}},"9":{"start":{"line":10,"column":0},"end":{"line":10,"column":28}}},"s":{"0":1,"1":1,"2":66,"3":66,"4":66,"5":66,"6":66,"7":1,"8":1,"9":1},"branchMap":{"0":{"type":"branch","line":2,"loc":{"start":{"line":2,"column":4},"end":{"line":7,"column":9}},"locations":[{"start":{"line":2,"column":4},"end":{"line":7,"column":9}}]}},"b":{"0":[66]},"fnMap":{"0":{"name":"Animal","decl":{"start":{"line":2,"column":4},"end":{"line":7,"column":9}},"loc":{"start":{"line":2,"column":4},"end":{"line":7,"column":9}},"line":2}},"f":{"0":66}}
,"/home/guilherme/Documentos/processo-seletivo/start-db/src/recinto.js": {"path":"/home/guilherme/Documentos/processo-seletivo/start-db/src/recinto.js","all":false,"statementMap":{"0":{"start":{"line":1,"column":0},"end":{"line":1,"column":15}},"1":{"start":{"line":2,"column":0},"end":{"line":2,"column":66}},"2":{"start":{"line":3,"column":0},"end":{"line":3,"column":29}},"3":{"start":{"line":4,"column":0},"end":{"line":4,"column":27}},"4":{"start":{"line":5,"column":0},"end":{"line":5,"column":31}},"5":{"start":{"line":6,"column":0},"end":{"line":6,"column":51}},"6":{"start":{"line":7,"column":0},"end":{"line":7,"column":9}},"7":{"start":{"line":8,"column":0},"end":{"line":8,"column":1}},"8":{"start":{"line":9,"column":0},"end":{"line":9,"column":0}},"9":{"start":{"line":10,"column":0},"end":{"line":10,"column":29}}},"s":{"0":1,"1":1,"2":55,"3":55,"4":55,"5":55,"6":55,"7":1,"8":1,"9":1},"branchMap":{"0":{"type":"branch","line":2,"loc":{"start":{"line":2,"column":4},"end":{"line":7,"column":9}},"locations":[{"start":{"line":2,"column":4},"end":{"line":7,"column":9}}]}},"b":{"0":[55]},"fnMap":{"0":{"name":"Recinto","decl":{"start":{"line":2,"column":4},"end":{"line":7,"column":9}},"loc":{"start":{"line":2,"column":4},"end":{"line":7,"column":9}},"line":2}},"f":{"0":55}}
,"/home/guilherme/Documentos/processo-seletivo/start-db/src/recintos-zoo.js": {"path":"/home/guilherme/Documentos/processo-seletivo/start-db/src/recintos-zoo.js","all":false,"statementMap":{"0":{"start":{"line":1,"column":0},"end":{"line":1,"column":37}},"1":{"start":{"line":2,"column":0},"end":{"line":2,"column":39}},"2":{"start":{"line":3,"column":0},"end":{"line":3,"column":0}},"3":{"start":{"line":4,"column":0},"end":{"line":4,"column":0}},"4":{"start":{"line":5,"column":0},"end":{"line":5,"column":19}},"5":{"start":{"line":6,"column":0},"end":{"line":6,"column":19}},"6":{"start":{"line":7,"column":0},"end":{"line":7,"column":58}},"7":{"start":{"line":8,"column":0},"end":{"line":8,"column":34}},"8":{"start":{"line":9,"column":0},"end":{"line":9,"column":59}},"9":{"start":{"line":10,"column":0},"end":{"line":10,"column":63}},"10":{"start":{"line":11,"column":0},"end":{"line":11,"column":61}},"11":{"start":{"line":12,"column":0},"end":{"line":12,"column":71}},"12":{"start":{"line":13,"column":0},"end":{"line":13,"column":61}},"13":{"start":{"line":14,"column":0},"end":{"line":14,"column":71}},"14":{"start":{"line":15,"column":0},"end":{"line":15,"column":9}},"15":{"start":{"line":16,"column":0},"end":{"line":16,"column":0}},"16":{"start":{"line":17,"column":0},"end":{"line":17,"column":60}},"17":{"start":{"line":18,"column":0},"end":{"line":18,"column":25}},"18":{"start":{"line":19,"column":0},"end":{"line":19,"column":58}},"19":{"start":{"line":20,"column":0},"end":{"line":20,"column":48}},"20":{"start":{"line":21,"column":0},"end":{"line":21,"column":64}},"21":{"start":{"line":22,"column":0},"end":{"line":22,"column":43}},"22":{"start":{"line":23,"column":0},"end":{"line":23,"column":54}},"23":{"start":{"line":24,"column":0},"end":{"line":24,"column":9}},"24":{"start":{"line":25,"column":0},"end":{"line":25,"column":5}},"25":{"start":{"line":26,"column":0},"end":{"line":26,"column":0}},"26":{"start":{"line":27,"column":0},"end":{"line":27,"column":0}},"27":{"start":{"line":28,"column":0},"end":{"line":28,"column":41}},"28":{"start":{"line":29,"column":0},"end":{"line":29,"column":41}},"29":{"start":{"line":30,"column":0},"end":{"line":30,"column":47}},"30":{"start":{"line":31,"column":0},"end":{"line":31,"column":9}},"31":{"start":{"line":32,"column":0},"end":{"line":32,"column":0}},"32":{"start":{"line":33,"column":0},"end":{"line":33,"column":34}},"33":{"start":{"line":34,"column":0},"end":{"line":34,"column":97}},"34":{"start":{"line":35,"column":0},"end":{"line":35,"column":51}},"35":{"start":{"line":36,"column":0},"end":{"line":36,"column":9}},"36":{"start":{"line":37,"column":0},"end":{"line":37,"column":0}},"37":{"start":{"line":38,"column":0},"end":{"line":38,"column":45}},"38":{"start":{"line":39,"column":0},"end":{"line":39,"column":85}},"39":{"start":{"line":40,"column":0},"end":{"line":40,"column":0}},"40":{"start":{"line":41,"column":0},"end":{"line":41,"column":30}},"41":{"start":{"line":42,"column":0},"end":{"line":42,"column":22}},"42":{"start":{"line":43,"column":0},"end":{"line":43,"column":47}},"43":{"start":{"line":44,"column":0},"end":{"line":44,"column":9}},"44":{"start":{"line":45,"column":0},"end":{"line":45,"column":4}},"45":{"start":{"line":46,"column":0},"end":{"line":46,"column":63}},"46":{"start":{"line":47,"column":0},"end":{"line":47,"column":40}},"47":{"start":{"line":48,"column":0},"end":{"line":48,"column":56}},"48":{"start":{"line":49,"column":0},"end":{"line":49,"column":29}},"49":{"start":{"line":50,"column":0},"end":{"line":50,"column":13}},"50":{"start":{"line":51,"column":0},"end":{"line":51,"column":4}},"51":{"start":{"line":52,"column":0},"end":{"line":52,"column":40}},"52":{"start":{"line":53,"column":0},"end":{"line":53,"column":75}},"53":{"start":{"line":54,"column":0},"end":{"line":54,"column":67}},"54":{"start":{"line":55,"column":0},"end":{"line":55,"column":4}},"55":{"start":{"line":56,"column":0},"end":{"line":56,"column":76}},"56":{"start":{"line":57,"column":0},"end":{"line":57,"column":65}},"57":{"start":{"line":58,"column":0},"end":{"line":58,"column":29}},"58":{"start":{"line":59,"column":0},"end":{"line":59,"column":13}},"59":{"start":{"line":60,"column":0},"end":{"line":60,"column":4}},"60":{"start":{"line":61,"column":0},"end":{"line":61,"column":47}},"61":{"start":{"line":62,"column":0},"end":{"line":62,"column":47}},"62":{"start":{"line":63,"column":0},"end":{"line":63,"column":97}},"63":{"start":{"line":64,"column":0},"end":{"line":64,"column":111}},"64":{"start":{"line":65,"column":0},"end":{"line":65,"column":69}},"65":{"start":{"line":66,"column":0},"end":{"line":66,"column":19}},"66":{"start":{"line":67,"column":0},"end":{"line":67,"column":41}},"67":{"start":{"line":68,"column":0},"end":{"line":68,"column":33}},"68":{"start":{"line":69,"column":0},"end":{"line":69,"column":17}},"69":{"start":{"line":70,"column":0},"end":{"line":70,"column":13}},"70":{"start":{"line":71,"column":0},"end":{"line":71,"column":0}},"71":{"start":{"line":72,"column":0},"end":{"line":72,"column":93}},"72":{"start":{"line":73,"column":0},"end":{"line":73,"column":107}},"73":{"start":{"line":74,"column":0},"end":{"line":74,"column":16}},"74":{"start":{"line":75,"column":0},"end":{"line":75,"column":105}},"75":{"start":{"line":76,"column":0},"end":{"line":76,"column":15}},"76":{"start":{"line":77,"column":0},"end":{"line":77,"column":37}},"77":{"start":{"line":78,"column":0},"end":{"line":78,"column":29}},"78":{"start":{"line":79,"column":0},"end":{"line":79,"column":13}},"79":{"start":{"line":80,"column":0},"end":{"line":80,"column":4}},"80":{"start":{"line":81,"column":0},"end":{"line":81,"column":38}},"81":{"start":{"line":82,"column":0},"end":{"line":82,"column":49}},"82":{"start":{"line":83,"column":0},"end":{"line":83,"column":93}},"83":{"start":{"line":84,"column":0},"end":{"line":84,"column":111}},"84":{"start":{"line":85,"column":0},"end":{"line":85,"column":48}},"85":{"start":{"line":86,"column":0},"end":{"line":86,"column":69}},"86":{"start":{"line":87,"column":0},"end":{"line":87,"column":19}},"87":{"start":{"line":88,"column":0},"end":{"line":88,"column":37}},"88":{"start":{"line":89,"column":0},"end":{"line":89,"column":94}},"89":{"start":{"line":90,"column":0},"end":{"line":90,"column":37}},"90":{"start":{"line":91,"column":0},"end":{"line":91,"column":21}},"91":{"start":{"line":92,"column":0},"end":{"line":92,"column":17}},"92":{"start":{"line":93,"column":0},"end":{"line":93,"column":13}},"93":{"start":{"line":94,"column":0},"end":{"line":94,"column":4}},"94":{"start":{"line":95,"column":0},"end":{"line":95,"column":34}},"95":{"start":{"line":96,"column":0},"end":{"line":96,"column":45}},"96":{"start":{"line":97,"column":0},"end":{"line":97,"column":91}},"97":{"start":{"line":98,"column":0},"end":{"line":98,"column":33}},"98":{"start":{"line":99,"column":0},"end":{"line":99,"column":17}},"99":{"start":{"line":100,"column":0},"end":{"line":100,"column":13}},"100":{"start":{"line":101,"column":0},"end":{"line":101,"column":4}},"101":{"start":{"line":102,"column":0},"end":{"line":102,"column":24}},"102":{"start":{"line":103,"column":0},"end":{"line":103,"column":11}},"103":{"start":{"line":104,"column":0},"end":{"line":104,"column":4}},"104":{"start":{"line":105,"column":0},"end":{"line":105,"column":48}},"105":{"start":{"line":106,"column":0},"end":{"line":106,"column":58}},"106":{"start":{"line":107,"column":0},"end":{"line":107,"column":75}},"107":{"start":{"line":108,"column":0},"end":{"line":108,"column":94}},"108":{"start":{"line":109,"column":0},"end":{"line":109,"column":104}},"109":{"start":{"line":110,"column":0},"end":{"line":110,"column":11}},"110":{"start":{"line":111,"column":0},"end":{"line":111,"column":4}},"111":{"start":{"line":112,"column":0},"end":{"line":112,"column":42}},"112":{"start":{"line":113,"column":0},"end":{"line":113,"column":53}},"113":{"start":{"line":114,"column":0},"end":{"line":114,"column":9}},"114":{"start":{"line":115,"column":0},"end":{"line":115,"column":4}},"115":{"start":{"line":116,"column":0},"end":{"line":116,"column":35}},"116":{"start":{"line":117,"column":0},"end":{"line":117,"column":5}},"117":{"start":{"line":118,"column":0},"end":{"line":118,"column":0}},"118":{"start":{"line":119,"column":0},"end":{"line":119,"column":0}},"119":{"start":{"line":120,"column":0},"end":{"line":120,"column":37}},"120":{"start":{"line":121,"column":0},"end":{"line":121,"column":85}},"121":{"start":{"line":122,"column":0},"end":{"line":122,"column":5}},"122":{"start":{"line":123,"column":0},"end":{"line":123,"column":0}},"123":{"start":{"line":124,"column":0},"end":{"line":124,"column":0}},"124":{"start":{"line":125,"column":0},"end":{"line":125,"column":43}},"125":{"start":{"line":126,"column":0},"end":{"line":126,"column":30}},"126":{"start":{"line":127,"column":0},"end":{"line":127,"column":0}},"127":{"start":{"line":128,"column":0},"end":{"line":128,"column":0}},"128":{"start":{"line":129,"column":0},"end":{"line":129,"column":117}},"129":{"start":{"line":130,"column":0},"end":{"line":130,"column":0}},"130":{"start":{"line":131,"column":0},"end":{"line":131,"column":25}},"131":{"start":{"line":132,"column":0},"end":{"line":132,"column":28}},"132":{"start":{"line":133,"column":0},"end":{"line":133,"column":9}},"133":{"start":{"line":134,"column":0},"end":{"line":134,"column":0}},"134":{"start":{"line":135,"column":0},"end":{"line":135,"column":92}},"135":{"start":{"line":136,"column":0},"end":{"line":136,"column":110}},"136":{"start":{"line":137,"column":0},"end":{"line":137,"column":25}},"137":{"start":{"line":138,"column":0},"end":{"line":138,"column":61}},"138":{"start":{"line":139,"column":0},"end":{"line":139,"column":13}},"139":{"start":{"line":140,"column":0},"end":{"line":140,"column":9}},"140":{"start":{"line":141,"column":0},"end":{"line":141,"column":29}},"141":{"start":{"line":142,"column":0},"end":{"line":142,"column":5}},"142":{"start":{"line":143,"column":0},"end":{"line":143,"column":1}},"143":{"start":{"line":144,"column":0},"end":{"line":144,"column":0}},"144":{"start":{"line":145,"column":0},"end":{"line":145,"column":38}}},"s":{"0":1,"1":1,"2":1,"3":1,"4":1,"5":1,"6":11,"7":11,"8":11,"9":11,"10":11,"11":11,"12":11,"13":11,"14":11,"15":11,"16":11,"17":11,"18":11,"19":11,"20":11,"21":11,"22":11,"23":11,"24":11,"25":1,"26":1,"27":1,"28":11,"29":1,"30":1,"31":10,"32":10,"33":11,"34":4,"35":4,"36":6,"37":6,"38":6,"39":6,"40":6,"41":11,"42":1,"43":1,"44":5,"45":5,"46":25,"47":25,"48":7,"49":7,"50":18,"51":18,"52":18,"53":18,"54":18,"55":18,"56":25,"57":4,"58":4,"59":14,"60":14,"61":25,"62":2,"63":1,"64":1,"65":2,"66":2,"67":1,"68":1,"69":2,"70":13,"71":13,"72":9,"73":9,"74":9,"75":13,"76":25,"77":3,"78":3,"79":10,"80":10,"81":25,"82":3,"83":2,"84":2,"85":2,"86":3,"87":3,"88":2,"89":1,"90":1,"91":2,"92":3,"93":9,"94":9,"95":25,"96":6,"97":1,"98":1,"99":6,"100":8,"101":8,"102":5,"103":5,"104":5,"105":5,"106":8,"107":8,"108":8,"109":5,"110":5,"111":11,"112":1,"113":1,"114":4,"115":4,"116":4,"117":1,"118":1,"119":1,"120":25,"121":25,"122":1,"123":1,"124":1,"125":26,"126":26,"127":26,"128":26,"129":26,"130":26,"131":13,"132":13,"133":26,"134":26,"135":18,"136":18,"137":18,"138":18,"139":18,"140":26,"141":26,"142":1,"143":1,"144":1},"branchMap":{"0":{"type":"branch","line":6,"loc":{"start":{"line":6,"column":4},"end":{"line":25,"column":5}},"locations":[{"start":{"line":6,"column":4},"end":{"line":25,"column":5}}]},"1":{"type":"branch","line":28,"loc":{"start":{"line":28,"column":4},"end":{"line":117,"column":5}},"locations":[{"start":{"line":28,"column":4},"end":{"line":117,"column":5}}]},"2":{"type":"branch","line":29,"loc":{"start":{"line":29,"column":40},"end":{"line":31,"column":9}},"locations":[{"start":{"line":29,"column":40},"end":{"line":31,"column":9}}]},"3":{"type":"branch","line":31,"loc":{"start":{"line":31,"column":8},"end":{"line":34,"column":46}},"locations":[{"start":{"line":31,"column":8},"end":{"line":34,"column":46}}]},"4":{"type":"branch","line":34,"loc":{"start":{"line":34,"column":42},"end":{"line":34,"column":61}},"locations":[{"start":{"line":34,"column":42},"end":{"line":34,"column":61}}]},"5":{"type":"branch","line":34,"loc":{"start":{"line":34,"column":61},"end":{"line":34,"column":94}},"locations":[{"start":{"line":34,"column":61},"end":{"line":34,"column":94}}]},"6":{"type":"branch","line":34,"loc":{"start":{"line":34,"column":96},"end":{"line":36,"column":9}},"locations":[{"start":{"line":34,"column":96},"end":{"line":36,"column":9}}]},"7":{"type":"branch","line":36,"loc":{"start":{"line":36,"column":8},"end":{"line":42,"column":21}},"locations":[{"start":{"line":36,"column":8},"end":{"line":42,"column":21}}]},"8":{"type":"branch","line":42,"loc":{"start":{"line":42,"column":21},"end":{"line":44,"column":9}},"locations":[{"start":{"line":42,"column":21},"end":{"line":44,"column":9}}]},"9":{"type":"branch","line":44,"loc":{"start":{"line":44,"column":8},"end":{"line":112,"column":41}},"locations":[{"start":{"line":44,"column":8},"end":{"line":112,"column":41}}]},"10":{"type":"branch","line":112,"loc":{"start":{"line":112,"column":41},"end":{"line":114,"column":9}},"locations":[{"start":{"line":112,"column":41},"end":{"line":114,"column":9}}]},"11":{"type":"branch","line":114,"loc":{"start":{"line":114,"column":8},"end":{"line":117,"column":5}},"locations":[{"start":{"line":114,"column":8},"end":{"line":117,"column":5}}]},"12":{"type":"branch","line":39,"loc":{"start":{"line":39,"column":45},"end":{"line":39,"column":83}},"locations":[{"start":{"line":39,"column":45},"end":{"line":39,"column":83}}]},"13":{"type":"branch","line":46,"loc":{"start":{"line":46,"column":51},"end":{"line":103,"column":9}},"locations":[{"start":{"line":46,"column":51},"end":{"line":103,"column":9}}]},"14":{"type":"branch","line":48,"loc":{"start":{"line":48,"column":55},"end":{"line":50,"column":13}},"locations":[{"start":{"line":48,"column":55},"end":{"line":50,"column":13}}]},"15":{"type":"branch","line":50,"loc":{"start":{"line":50,"column":12},"end":{"line":57,"column":64}},"locations":[{"start":{"line":50,"column":12},"end":{"line":57,"column":64}}]},"16":{"type":"branch","line":57,"loc":{"start":{"line":57,"column":64},"end":{"line":59,"column":13}},"locations":[{"start":{"line":57,"column":64},"end":{"line":59,"column":13}}]},"17":{"type":"branch","line":59,"loc":{"start":{"line":59,"column":12},"end":{"line":62,"column":46}},"locations":[{"start":{"line":59,"column":12},"end":{"line":62,"column":46}}]},"18":{"type":"branch","line":62,"loc":{"start":{"line":62,"column":46},"end":{"line":70,"column":13}},"locations":[{"start":{"line":62,"column":46},"end":{"line":70,"column":13}}]},"19":{"type":"branch","line":67,"loc":{"start":{"line":67,"column":40},"end":{"line":69,"column":17}},"locations":[{"start":{"line":67,"column":40},"end":{"line":69,"column":17}}]},"20":{"type":"branch","line":70,"loc":{"start":{"line":70,"column":12},"end":{"line":77,"column":36}},"locations":[{"start":{"line":70,"column":12},"end":{"line":77,"column":36}}]},"21":{"type":"branch","line":77,"loc":{"start":{"line":77,"column":36},"end":{"line":79,"column":13}},"locations":[{"start":{"line":77,"column":36},"end":{"line":79,"column":13}}]},"22":{"type":"branch","line":79,"loc":{"start":{"line":79,"column":12},"end":{"line":82,"column":48}},"locations":[{"start":{"line":79,"column":12},"end":{"line":82,"column":48}}]},"23":{"type":"branch","line":82,"loc":{"start":{"line":82,"column":48},"end":{"line":93,"column":13}},"locations":[{"start":{"line":82,"column":48},"end":{"line":93,"column":13}}]},"24":{"type":"branch","line":88,"loc":{"start":{"line":88,"column":36},"end":{"line":92,"column":17}},"locations":[{"start":{"line":88,"column":36},"end":{"line":92,"column":17}}]},"25":{"type":"branch","line":89,"loc":{"start":{"line":89,"column":54},"end":{"line":89,"column":91}},"locations":[{"start":{"line":89,"column":54},"end":{"line":89,"column":91}}]},"26":{"type":"branch","line":89,"loc":{"start":{"line":89,"column":93},"end":{"line":91,"column":21}},"locations":[{"start":{"line":89,"column":93},"end":{"line":91,"column":21}}]},"27":{"type":"branch","line":93,"loc":{"start":{"line":93,"column":12},"end":{"line":96,"column":44}},"locations":[{"start":{"line":93,"column":12},"end":{"line":96,"column":44}}]},"28":{"type":"branch","line":96,"loc":{"start":{"line":96,"column":44},"end":{"line":100,"column":13}},"locations":[{"start":{"line":96,"column":44},"end":{"line":100,"column":13}}]},"29":{"type":"branch","line":97,"loc":{"start":{"line":97,"column":70},"end":{"line":97,"column":88}},"locations":[{"start":{"line":97,"column":70},"end":{"line":97,"column":88}}]},"30":{"type":"branch","line":97,"loc":{"start":{"line":97,"column":90},"end":{"line":99,"column":17}},"locations":[{"start":{"line":97,"column":90},"end":{"line":99,"column":17}}]},"31":{"type":"branch","line":100,"loc":{"start":{"line":100,"column":12},"end":{"line":103,"column":9}},"locations":[{"start":{"line":100,"column":12},"end":{"line":103,"column":9}}]},"32":{"type":"branch","line":63,"loc":{"start":{"line":63,"column":85},"end":{"line":66,"column":17}},"locations":[{"start":{"line":63,"column":85},"end":{"line":66,"column":17}}]},"33":{"type":"branch","line":64,"loc":{"start":{"line":64,"column":70},"end":{"line":64,"column":109}},"locations":[{"start":{"line":64,"column":70},"end":{"line":64,"column":109}}]},"34":{"type":"branch","line":72,"loc":{"start":{"line":72,"column":81},"end":{"line":76,"column":13}},"locations":[{"start":{"line":72,"column":81},"end":{"line":76,"column":13}}]},"35":{"type":"branch","line":75,"loc":{"start":{"line":75,"column":64},"end":{"line":75,"column":104}},"locations":[{"start":{"line":75,"column":64},"end":{"line":75,"column":104}}]},"36":{"type":"branch","line":73,"loc":{"start":{"line":73,"column":66},"end":{"line":73,"column":105}},"locations":[{"start":{"line":73,"column":66},"end":{"line":73,"column":105}}]},"37":{"type":"branch","line":83,"loc":{"start":{"line":83,"column":81},"end":{"line":87,"column":17}},"locations":[{"start":{"line":83,"column":81},"end":{"line":87,"column":17}}]},"38":{"type":"branch","line":84,"loc":{"start":{"line":84,"column":70},"end":{"line":84,"column":109}},"locations":[{"start":{"line":84,"column":70},"end":{"line":84,"column":109}}]},"39":{"type":"branch","line":106,"loc":{"start":{"line":106,"column":46},"end":{"line":110,"column":9}},"locations":[{"start":{"line":106,"column":46},"end":{"line":110,"column":9}}]},"40":{"type":"branch","line":120,"loc":{"start":{"line":120,"column":4},"end":{"line":122,"column":5}},"locations":[{"start":{"line":120,"column":4},"end":{"line":122,"column":5}}]},"41":{"type":"branch","line":121,"loc":{"start":{"line":121,"column":33},"end":{"line":121,"column":83}},"locations":[{"start":{"line":121,"column":33},"end":{"line":121,"column":83}}]},"42":{"type":"branch","line":125,"loc":{"start":{"line":125,"column":4},"end":{"line":142,"column":5}},"locations":[{"start":{"line":125,"column":4},"end":{"line":142,"column":5}}]},"43":{"type":"branch","line":131,"loc":{"start":{"line":131,"column":24},"end":{"line":133,"column":9}},"locations":[{"start":{"line":131,"column":24},"end":{"line":133,"column":9}}]},"44":{"type":"branch","line":135,"loc":{"start":{"line":135,"column":91},"end":{"line":140,"column":9}},"locations":[{"start":{"line":135,"column":91},"end":{"line":140,"column":9}}]},"45":{"type":"branch","line":129,"loc":{"start":{"line":129,"column":70},"end":{"line":129,"column":116}},"locations":[{"start":{"line":129,"column":70},"end":{"line":129,"column":116}}]},"46":{"type":"branch","line":136,"loc":{"start":{"line":136,"column":49},"end":{"line":136,"column":108}},"locations":[{"start":{"line":136,"column":49},"end":{"line":136,"column":108}}]}},"b":{"0":[11],"1":[11],"2":[1],"3":[10],"4":[9],"5":[7],"6":[4],"7":[6],"8":[1],"9":[5],"10":[1],"11":[4],"12":[27],"13":[25],"14":[7],"15":[18],"16":[4],"17":[14],"18":[2],"19":[1],"20":[13],"21":[3],"22":[10],"23":[3],"24":[2],"25":[1],"26":[1],"27":[9],"28":[6],"29":[2],"30":[1],"31":[8],"32":[1],"33":[5],"34":[9],"35":[7],"36":[30],"37":[2],"38":[9],"39":[8],"40":[25],"41":[33],"42":[26],"43":[13],"44":[18],"45":[18],"46":[68]},"fnMap":{"0":{"name":"RecintosZoo","decl":{"start":{"line":6,"column":4},"end":{"line":25,"column":5}},"loc":{"start":{"line":6,"column":4},"end":{"line":25,"column":5}},"line":6},"1":{"name":"analisaRecintos","decl":{"start":{"line":28,"column":4},"end":{"line":117,"column":5}},"loc":{"start":{"line":28,"column":4},"end":{"line":117,"column":5}},"line":28},"2":{"name":"verificaBiomas","decl":{"start":{"line":120,"column":4},"end":{"line":122,"column":5}},"loc":{"start":{"line":120,"column":4},"end":{"line":122,"column":5}},"line":120},"3":{"name":"calculaEspacoOcupado","decl":{"start":{"line":125,"column":4},"end":{"line":142,"column":5}},"loc":{"start":{"line":125,"column":4},"end":{"line":142,"column":5}},"line":125}},"f":{"0":11,"1":11,"2":25,"3":26}}
}
