TN:
SF:src/animal.js
FN:2,Animal
FNF:1
FNH:1
FNDA:66,Animal
DA:1,1
DA:2,1
DA:3,66
DA:4,66
DA:5,66
DA:6,66
DA:7,66
DA:8,1
DA:9,1
DA:10,1
LF:10
LH:10
BRDA:2,0,0,66
BRF:1
BRH:1
end_of_record
TN:
SF:src/recinto.js
FN:2,Recinto
FNF:1
FNH:1
FNDA:55,Recinto
DA:1,1
DA:2,1
DA:3,55
DA:4,55
DA:5,55
DA:6,55
DA:7,55
DA:8,1
DA:9,1
DA:10,1
LF:10
LH:10
BRDA:2,0,0,55
BRF:1
BRH:1
end_of_record
TN:
SF:src/recintos-zoo.js
FN:6,RecintosZoo
FN:28,analisaRecintos
FN:120,verificaBiomas
FN:125,calculaEspacoOcupado
FNF:4
FNH:4
FNDA:11,RecintosZoo
FNDA:11,analisaRecintos
FNDA:25,verificaBiomas
FNDA:26,calculaEspacoOcupado
DA:1,1
DA:2,1
DA:3,1
DA:4,1
DA:5,1
DA:6,1
DA:7,11
DA:8,11
DA:9,11
DA:10,11
DA:11,11
DA:12,11
DA:13,11
DA:14,11
DA:15,11
DA:16,11
DA:17,11
DA:18,11
DA:19,11
DA:20,11
DA:21,11
DA:22,11
DA:23,11
DA:24,11
DA:25,11
DA:26,1
DA:27,1
DA:28,1
DA:29,11
DA:30,1
DA:31,1
DA:32,10
DA:33,10
DA:34,11
DA:35,4
DA:36,4
DA:37,6
DA:38,6
DA:39,6
DA:40,6
DA:41,6
DA:42,11
DA:43,1
DA:44,1
DA:45,5
DA:46,5
DA:47,25
DA:48,25
DA:49,7
DA:50,7
DA:51,18
DA:52,18
DA:53,18
DA:54,18
DA:55,18
DA:56,18
DA:57,25
DA:58,4
DA:59,4
DA:60,14
DA:61,14
DA:62,25
DA:63,2
DA:64,1
DA:65,1
DA:66,2
DA:67,2
DA:68,1
DA:69,1
DA:70,2
DA:71,13
DA:72,13
DA:73,9
DA:74,9
DA:75,9
DA:76,13
DA:77,25
DA:78,3
DA:79,3
DA:80,10
DA:81,10
DA:82,25
DA:83,3
DA:84,2
DA:85,2
DA:86,2
DA:87,3
DA:88,3
DA:89,2
DA:90,1
DA:91,1
DA:92,2
DA:93,3
DA:94,9
DA:95,9
DA:96,25
DA:97,6
DA:98,1
DA:99,1
DA:100,6
DA:101,8
DA:102,8
DA:103,5
DA:104,5
DA:105,5
DA:106,5
DA:107,8
DA:108,8
DA:109,8
DA:110,5
DA:111,5
DA:112,11
DA:113,1
DA:114,1
DA:115,4
DA:116,4
DA:117,4
DA:118,1
DA:119,1
DA:120,1
DA:121,25
DA:122,25
DA:123,1
DA:124,1
DA:125,1
DA:126,26
DA:127,26
DA:128,26
DA:129,26
DA:130,26
DA:131,26
DA:132,13
DA:133,13
DA:134,26
DA:135,26
DA:136,18
DA:137,18
DA:138,18
DA:139,18
DA:140,18
DA:141,26
DA:142,26
DA:143,1
DA:144,1
DA:145,1
LF:145
LH:145
BRDA:6,0,0,11
BRDA:28,1,0,11
BRDA:29,2,0,1
BRDA:31,3,0,10
BRDA:34,4,0,9
BRDA:34,5,0,7
BRDA:34,6,0,4
BRDA:36,7,0,6
BRDA:42,8,0,1
BRDA:44,9,0,5
BRDA:112,10,0,1
BRDA:114,11,0,4
BRDA:39,12,0,27
BRDA:46,13,0,25
BRDA:48,14,0,7
BRDA:50,15,0,18
BRDA:57,16,0,4
BRDA:59,17,0,14
BRDA:62,18,0,2
BRDA:67,19,0,1
BRDA:70,20,0,13
BRDA:77,21,0,3
BRDA:79,22,0,10
BRDA:82,23,0,3
BRDA:88,24,0,2
BRDA:89,25,0,1
BRDA:89,26,0,1
BRDA:93,27,0,9
BRDA:96,28,0,6
BRDA:97,29,0,2
BRDA:97,30,0,1
BRDA:100,31,0,8
BRDA:63,32,0,1
BRDA:64,33,0,5
BRDA:72,34,0,9
BRDA:75,35,0,7
BRDA:73,36,0,30
BRDA:83,37,0,2
BRDA:84,38,0,9
BRDA:106,39,0,8
BRDA:120,40,0,25
BRDA:121,41,0,33
BRDA:125,42,0,26
BRDA:131,43,0,13
BRDA:135,44,0,18
BRDA:129,45,0,18
BRDA:136,46,0,68
BRF:47
BRH:47
end_of_record
